This file contains any messages produced by compilers while
running configure, to aid debugging if configure makes a mistake.

It was created by newlib configure 3.3.0, which was
generated by GNU Autoconf 2.68.  Invocation command line was

  $ ../../../../newlib/newlib/libc/configure --disable-option-checking --prefix=/usr --with-newlib --enable-multilib --with-cross-host=x86_64-pc-linux-gnu --program-transform-name=s&^&i686-ollios-& --with-target-subdir=i686-ollios --build=x86_64-pc-linux-gnu --host=i686-ollios --target=i686-ollios build_alias=x86_64-pc-linux-gnu host_alias=i686-ollios target_alias=i686-ollios CC=i686-ollios-gcc -B/home/nxf58324/Source/ollios/newlib_build/i686-ollios/newlib/ -isystem /home/nxf58324/Source/ollios/newlib_build/i686-ollios/newlib/targ-include -isystem /home/nxf58324/Source/ollios/newlib/newlib/libc/include -B/home/nxf58324/Source/ollios/newlib_build/i686-ollios/libgloss/i386 -L/home/nxf58324/Source/ollios/newlib_build/i686-ollios/libgloss/libnosys -L/home/nxf58324/Source/ollios/newlib/libgloss/i386    CFLAGS=-g -O2 LDFLAGS= CPPFLAGS= --cache-file=.././config.cache --srcdir=../../../../newlib/newlib/libc

## --------- ##
## Platform. ##
## --------- ##

hostname = nxf58324-pc
uname -m = x86_64
uname -r = 5.4.18-1-MANJARO
uname -s = Linux
uname -v = #1 SMP PREEMPT Thu Feb 6 11:41:30 UTC 2020

/usr/bin/uname -p = unknown
/bin/uname -X     = unknown

/bin/arch              = unknown
/usr/bin/arch -k       = unknown
/usr/convex/getsysinfo = unknown
/usr/bin/hostinfo      = unknown
/bin/machine           = unknown
/usr/bin/oslevel       = unknown
/bin/universe          = unknown

PATH: /home/nxf58324/Source/ollios/newlib_build
PATH: /home/nxf58324/Source/ollios/build2
PATH: /home/nxf58324/.local/bin
PATH: /usr/local/bin
PATH: /usr/bin
PATH: /bin
PATH: /usr/local/sbin
PATH: /usr/lib/jvm/default/bin
PATH: /usr/bin/site_perl
PATH: /usr/bin/vendor_perl
PATH: /usr/bin/core_perl
PATH: /var/lib/snapd/snap/bin
PATH: pwd


## ----------- ##
## Core tests. ##
## ----------- ##

configure:2101: loading cache .././config.cache
configure:2282: checking build system type
configure:2296: result: x86_64-pc-linux-gnu
configure:2316: checking host system type
configure:2329: result: i686-pc-ollios
configure:2365: checking for a BSD-compatible install
configure:2433: result: /usr/bin/install -c
configure:2444: checking whether build environment is sane
configure:2494: result: yes
configure:2543: checking for i686-ollios-strip
configure:2570: result: i686-ollios-strip
configure:2635: checking for a thread-safe mkdir -p
configure:2674: result: /usr/bin/mkdir -p
configure:2687: checking for gawk
configure:2714: result: gawk
configure:2725: checking whether make sets $(MAKE)
configure:2747: result: yes
configure:2777: checking for style of include used by make
configure:2805: result: GNU
configure:3027: checking for gcc
configure:3054: result: i686-ollios-gcc -B/home/nxf58324/Source/ollios/newlib_build/i686-ollios/newlib/ -isystem /home/nxf58324/Source/ollios/newlib_build/i686-ollios/newlib/targ-include -isystem /home/nxf58324/Source/ollios/newlib/newlib/libc/include -B/home/nxf58324/Source/ollios/newlib_build/i686-ollios/libgloss/i386 -L/home/nxf58324/Source/ollios/newlib_build/i686-ollios/libgloss/libnosys -L/home/nxf58324/Source/ollios/newlib/libgloss/i386   
configure:3065: checking dependency style of i686-ollios-gcc -B/home/nxf58324/Source/ollios/newlib_build/i686-ollios/newlib/ -isystem /home/nxf58324/Source/ollios/newlib_build/i686-ollios/newlib/targ-include -isystem /home/nxf58324/Source/ollios/newlib/newlib/libc/include -B/home/nxf58324/Source/ollios/newlib_build/i686-ollios/libgloss/i386 -L/home/nxf58324/Source/ollios/newlib_build/i686-ollios/libgloss/libnosys -L/home/nxf58324/Source/ollios/newlib/libgloss/i386   
configure:3176: result: gcc3
configure:3249: checking whether we are using GNU C
configure:3270: result: yes
configure:3279: checking whether i686-ollios-gcc -B/home/nxf58324/Source/ollios/newlib_build/i686-ollios/newlib/ -isystem /home/nxf58324/Source/ollios/newlib_build/i686-ollios/newlib/targ-include -isystem /home/nxf58324/Source/ollios/newlib/newlib/libc/include -B/home/nxf58324/Source/ollios/newlib_build/i686-ollios/libgloss/i386 -L/home/nxf58324/Source/ollios/newlib_build/i686-ollios/libgloss/libnosys -L/home/nxf58324/Source/ollios/newlib/libgloss/i386    accepts -g
configure:3340: result: no
configure:3373: checking for i686-ollios-as
configure:3400: result: i686-ollios-as
configure:3465: checking for i686-ollios-ar
configure:3492: result: i686-ollios-ar
configure:3557: checking for i686-ollios-ranlib
configure:3584: result: i686-ollios-ranlib
configure:3649: checking for i686-ollios-readelf
configure:3676: result: i686-ollios-readelf
configure:3745: checking whether to enable maintainer-specific portions of Makefiles
configure:3754: result: no
configure:3877: checking for a sed that does not truncate output
configure:3941: result: /usr/bin/sed
configure:3963: checking how to print strings
configure:3990: result: printf
configure:12084: checking Checking long double support
configure:12108: result: yes
configure:12382: creating ./config.status

## ---------------------- ##
## Running config.status. ##
## ---------------------- ##

This file was extended by newlib config.status 3.3.0, which was
generated by GNU Autoconf 2.68.  Invocation command line was

  CONFIG_FILES    = 
  CONFIG_HEADERS  = 
  CONFIG_LINKS    = 
  CONFIG_COMMANDS = 
  $ ./config.status 

on nxf58324-pc

config.status:1092: creating Makefile
config.status:1092: creating argz/Makefile
config.status:1092: creating ctype/Makefile
config.status:1092: creating errno/Makefile
config.status:1092: creating locale/Makefile
config.status:1092: creating misc/Makefile
config.status:1092: creating reent/Makefile
config.status:1092: creating search/Makefile
config.status:1092: creating stdio/Makefile
config.status:1092: creating stdio64/Makefile
config.status:1092: creating stdlib/Makefile
config.status:1092: creating string/Makefile
config.status:1092: creating time/Makefile
config.status:1092: creating posix/Makefile
config.status:1092: creating signal/Makefile
config.status:1092: creating syscalls/Makefile
config.status:1092: creating unix/Makefile
config.status:1092: creating iconv/Makefile
config.status:1092: creating iconv/ces/Makefile
config.status:1092: creating iconv/ccs/Makefile
config.status:1092: creating iconv/ccs/binary/Makefile
config.status:1092: creating iconv/lib/Makefile
config.status:1092: creating ssp/Makefile
config.status:1092: creating xdr/Makefile
config.status:1249: executing depfiles commands
configure:14524: === configuring in machine (/home/nxf58324/Source/ollios/newlib_build/i686-ollios/newlib/libc/machine)
configure:14587: running /bin/sh ../../../../../newlib/newlib/libc/machine/configure --disable-option-checking '--prefix=/usr'  '--with-newlib' '--enable-multilib' '--with-cross-host=x86_64-pc-linux-gnu' '--program-transform-name=s&^&i686-ollios-&' '--with-target-subdir=i686-ollios' '--build=x86_64-pc-linux-gnu' '--host=i686-ollios' '--target=i686-ollios' 'build_alias=x86_64-pc-linux-gnu' 'host_alias=i686-ollios' 'target_alias=i686-ollios' 'CC=i686-ollios-gcc -B/home/nxf58324/Source/ollios/newlib_build/i686-ollios/newlib/ -isystem /home/nxf58324/Source/ollios/newlib_build/i686-ollios/newlib/targ-include -isystem /home/nxf58324/Source/ollios/newlib/newlib/libc/include -B/home/nxf58324/Source/ollios/newlib_build/i686-ollios/libgloss/i386 -L/home/nxf58324/Source/ollios/newlib_build/i686-ollios/libgloss/libnosys -L/home/nxf58324/Source/ollios/newlib/libgloss/i386   ' 'CFLAGS=-g -O2' 'LDFLAGS=' 'CPPFLAGS=' --cache-file=../.././config.cache --srcdir=../../../../../newlib/newlib/libc/machine
configure:14524: === configuring in sys (/home/nxf58324/Source/ollios/newlib_build/i686-ollios/newlib/libc/sys)
configure:14587: running /bin/sh ../../../../../newlib/newlib/libc/sys/configure --disable-option-checking '--prefix=/usr'  '--with-newlib' '--enable-multilib' '--with-cross-host=x86_64-pc-linux-gnu' '--program-transform-name=s&^&i686-ollios-&' '--with-target-subdir=i686-ollios' '--build=x86_64-pc-linux-gnu' '--host=i686-ollios' '--target=i686-ollios' 'build_alias=x86_64-pc-linux-gnu' 'host_alias=i686-ollios' 'target_alias=i686-ollios' 'CC=i686-ollios-gcc -B/home/nxf58324/Source/ollios/newlib_build/i686-ollios/newlib/ -isystem /home/nxf58324/Source/ollios/newlib_build/i686-ollios/newlib/targ-include -isystem /home/nxf58324/Source/ollios/newlib/newlib/libc/include -B/home/nxf58324/Source/ollios/newlib_build/i686-ollios/libgloss/i386 -L/home/nxf58324/Source/ollios/newlib_build/i686-ollios/libgloss/libnosys -L/home/nxf58324/Source/ollios/newlib/libgloss/i386   ' 'CFLAGS=-g -O2' 'LDFLAGS=' 'CPPFLAGS=' --cache-file=../.././config.cache --srcdir=../../../../../newlib/newlib/libc/sys

## ---------------- ##
## Cache variables. ##
## ---------------- ##

ac_cv_build=x86_64-pc-linux-gnu
ac_cv_c_compiler_gnu=yes
ac_cv_env_CCASFLAGS_set=
ac_cv_env_CCASFLAGS_value=
ac_cv_env_CCAS_set=
ac_cv_env_CCAS_value=
ac_cv_env_CC_set=set
ac_cv_env_CC_value='i686-ollios-gcc -B/home/nxf58324/Source/ollios/newlib_build/i686-ollios/newlib/ -isystem /home/nxf58324/Source/ollios/newlib_build/i686-ollios/newlib/targ-include -isystem /home/nxf58324/Source/ollios/newlib/newlib/libc/include -B/home/nxf58324/Source/ollios/newlib_build/i686-ollios/libgloss/i386 -L/home/nxf58324/Source/ollios/newlib_build/i686-ollios/libgloss/libnosys -L/home/nxf58324/Source/ollios/newlib/libgloss/i386   '
ac_cv_env_CFLAGS_set=set
ac_cv_env_CFLAGS_value='-g -O2'
ac_cv_env_CPPFLAGS_set=set
ac_cv_env_CPPFLAGS_value=
ac_cv_env_CPP_set=
ac_cv_env_CPP_value=
ac_cv_env_LDFLAGS_set=set
ac_cv_env_LDFLAGS_value=
ac_cv_env_LIBS_set=
ac_cv_env_LIBS_value=
ac_cv_env_build_alias_set=set
ac_cv_env_build_alias_value=x86_64-pc-linux-gnu
ac_cv_env_host_alias_set=set
ac_cv_env_host_alias_value=i686-ollios
ac_cv_env_target_alias_set=set
ac_cv_env_target_alias_value=i686-ollios
ac_cv_host=i686-pc-ollios
ac_cv_path_SED=/usr/bin/sed
ac_cv_path_mkdir=/usr/bin/mkdir
ac_cv_prog_AR=i686-ollios-ar
ac_cv_prog_AS=i686-ollios-as
ac_cv_prog_AWK=gawk
ac_cv_prog_CC='i686-ollios-gcc -B/home/nxf58324/Source/ollios/newlib_build/i686-ollios/newlib/ -isystem /home/nxf58324/Source/ollios/newlib_build/i686-ollios/newlib/targ-include -isystem /home/nxf58324/Source/ollios/newlib/newlib/libc/include -B/home/nxf58324/Source/ollios/newlib_build/i686-ollios/libgloss/i386 -L/home/nxf58324/Source/ollios/newlib_build/i686-ollios/libgloss/libnosys -L/home/nxf58324/Source/ollios/newlib/libgloss/i386   '
ac_cv_prog_RANLIB=i686-ollios-ranlib
ac_cv_prog_READELF=i686-ollios-readelf
ac_cv_prog_STRIP=i686-ollios-strip
ac_cv_prog_cc_g=no
ac_cv_prog_make_make_set=yes
acnewlib_cv_type_long_double=yes
am_cv_CC_dependencies_compiler_type=gcc3
libc_cv_cc_loop_to_function=yes
libc_cv_initfinit_array=no
newlib_cv_build_exeext=no
newlib_cv_ldbl_eq_dbl=no

## ----------------- ##
## Output variables. ##
## ----------------- ##

ACLOCAL='${SHELL} /home/nxf58324/Source/ollios/newlib/missing --run aclocal-1.11'
AMDEPBACKSLASH='\'
AMDEP_FALSE='#'
AMDEP_TRUE=''
AMTAR='$${TAR-tar}'
AR='i686-ollios-ar'
AS='i686-ollios-as'
AUTOCONF='${SHELL} /home/nxf58324/Source/ollios/newlib/missing --run autoconf'
AUTOHEADER='${SHELL} /home/nxf58324/Source/ollios/newlib/missing --run autoheader'
AUTOMAKE='${SHELL} /home/nxf58324/Source/ollios/newlib/missing --run automake-1.11'
AWK='gawk'
CC='i686-ollios-gcc -B/home/nxf58324/Source/ollios/newlib_build/i686-ollios/newlib/ -isystem /home/nxf58324/Source/ollios/newlib_build/i686-ollios/newlib/targ-include -isystem /home/nxf58324/Source/ollios/newlib/newlib/libc/include -B/home/nxf58324/Source/ollios/newlib_build/i686-ollios/libgloss/i386 -L/home/nxf58324/Source/ollios/newlib_build/i686-ollios/libgloss/libnosys -L/home/nxf58324/Source/ollios/newlib/libgloss/i386   '
CCAS='i686-ollios-gcc -B/home/nxf58324/Source/ollios/newlib_build/i686-ollios/newlib/ -isystem /home/nxf58324/Source/ollios/newlib_build/i686-ollios/newlib/targ-include -isystem /home/nxf58324/Source/ollios/newlib/newlib/libc/include -B/home/nxf58324/Source/ollios/newlib_build/i686-ollios/libgloss/i386 -L/home/nxf58324/Source/ollios/newlib_build/i686-ollios/libgloss/libnosys -L/home/nxf58324/Source/ollios/newlib/libgloss/i386   '
CCASFLAGS='-g -O2'
CCDEPMODE='depmode=gcc3'
CFLAGS='-g -O2'
CPP=''
CPPFLAGS=''
CRT0='crt0.o'
CYGPATH_W='echo'
DEFS='-DPACKAGE_NAME=\"newlib\" -DPACKAGE_TARNAME=\"newlib\" -DPACKAGE_VERSION=\"3.3.0\" -DPACKAGE_STRING=\"newlib\ 3.3.0\" -DPACKAGE_BUGREPORT=\"\" -DPACKAGE_URL=\"\"'
DEPDIR='.deps'
DLLTOOL='i686-ollios-dlltool'
DSYMUTIL=''
DUMPBIN=''
ECHO_C=''
ECHO_N='-n'
ECHO_T=''
EGREP=''
ELIX_LEVEL_0_FALSE='#'
ELIX_LEVEL_0_TRUE=''
ELIX_LEVEL_1_FALSE=''
ELIX_LEVEL_1_TRUE='#'
ELIX_LEVEL_2_FALSE=''
ELIX_LEVEL_2_TRUE='#'
ELIX_LEVEL_3_FALSE=''
ELIX_LEVEL_3_TRUE='#'
ELIX_LEVEL_4_FALSE=''
ELIX_LEVEL_4_TRUE='#'
ENABLE_NEWLIB_ICONV_FALSE=''
ENABLE_NEWLIB_ICONV_TRUE='#'
EXEEXT=''
FGREP=''
GREP=''
HAVE_LONG_DOUBLE_FALSE='#'
HAVE_LONG_DOUBLE_TRUE=''
HAVE_POSIX_DIR_FALSE=''
HAVE_POSIX_DIR_TRUE='#'
HAVE_SIGNAL_DIR_FALSE='#'
HAVE_SIGNAL_DIR_TRUE=''
HAVE_STDIO64_DIR_FALSE=''
HAVE_STDIO64_DIR_TRUE='#'
HAVE_STDIO_DIR_FALSE='#'
HAVE_STDIO_DIR_TRUE=''
HAVE_SYSCALL_DIR_FALSE=''
HAVE_SYSCALL_DIR_TRUE='#'
HAVE_UNIX_DIR_FALSE=''
HAVE_UNIX_DIR_TRUE='#'
HAVE_XDR_DIR_FALSE=''
HAVE_XDR_DIR_TRUE='#'
INSTALL_DATA='/usr/bin/install -c -m 644'
INSTALL_PROGRAM='/usr/bin/install -c'
INSTALL_SCRIPT='/usr/bin/install -c'
INSTALL_STRIP_PROGRAM='$(install_sh) -c -s'
LD='i686-ollios-ld'
LDFLAGS=''
LIBC_EXTRA_DEF=''
LIBC_EXTRA_LIB=''
LIBC_MACHINE_LIB='machine/lib.a'
LIBC_POSIX_DEF=''
LIBC_POSIX_LIB=''
LIBC_SIGNAL_DEF='signal/stmp-def'
LIBC_SIGNAL_LIB='signal/lib.a'
LIBC_STDIO64_DEF=''
LIBC_STDIO64_LIB=''
LIBC_STDIO_DEF='stdio/stmp-def'
LIBC_STDIO_LIB='stdio/lib.a'
LIBC_SYSCALL_LIB=''
LIBC_SYS_LIB='sys/lib.a'
LIBC_UNIX_LIB=''
LIBC_XDR_DEF=''
LIBC_XDR_LIB=''
LIBOBJS=''
LIBS=''
LIBTOOL=''
LIPO='i686-ollios-lipo'
LN_S=''
LTLIBOBJS=''
MAINT='#'
MAINTAINER_MODE_FALSE=''
MAINTAINER_MODE_TRUE='#'
MAKEINFO='makeinfo --split-size=5000000'
MAY_SUPPLY_SYSCALLS_FALSE='#'
MAY_SUPPLY_SYSCALLS_TRUE=''
MKDIR_P='/usr/bin/mkdir -p'
NEWLIB_CFLAGS=' -fno-builtin -DMISSING_SYSCALL_NAMES -DHAVE_INIT_FINI'
NEWLIB_NANO_FORMATTED_IO_FALSE=''
NEWLIB_NANO_FORMATTED_IO_TRUE='#'
NEWLIB_NANO_MALLOC_FALSE=''
NEWLIB_NANO_MALLOC_TRUE='#'
NEWLIB_RETARGETABLE_LOCKING_FALSE=''
NEWLIB_RETARGETABLE_LOCKING_TRUE='#'
NM='i686-ollios-nm'
NMEDIT=''
NO_INCLUDE_LIST=' rpc/types.h rpc/xdr.h'
OBJDUMP='i686-ollios-objdump'
OBJEXT='o'
OTOOL64=''
OTOOL=''
PACKAGE='newlib'
PACKAGE_BUGREPORT=''
PACKAGE_NAME='newlib'
PACKAGE_STRING='newlib 3.3.0'
PACKAGE_TARNAME='newlib'
PACKAGE_URL=''
PACKAGE_VERSION='3.3.0'
PATH_SEPARATOR=':'
RANLIB='i686-ollios-ranlib'
READELF='i686-ollios-readelf'
SED='/usr/bin/sed'
SET_MAKE=''
SHELL='/bin/sh'
STRIP='i686-ollios-strip'
USE_LIBTOOL_FALSE=''
USE_LIBTOOL_TRUE='#'
VERSION='3.3.0'
ac_ct_CC=''
ac_ct_DUMPBIN=''
aext='a'
am__EXEEXT_FALSE=''
am__EXEEXT_TRUE='#'
am__fastdepCC_FALSE='#'
am__fastdepCC_TRUE=''
am__include='include'
am__isrc=' -I$(srcdir)'
am__leading_dot='.'
am__nodep='_no'
am__quote=''
am__tar='$${TAR-tar} chof - "$$tardir"'
am__untar='$${TAR-tar} xf -'
bindir='${exec_prefix}/bin'
build='x86_64-pc-linux-gnu'
build_alias='x86_64-pc-linux-gnu'
build_cpu='x86_64'
build_os='linux-gnu'
build_vendor='pc'
datadir='${datarootdir}'
datarootdir='${prefix}/share'
docdir='${datarootdir}/doc/${PACKAGE_TARNAME}'
dvidir='${docdir}'
exec_prefix='${prefix}'
extra_dir=''
host='i686-pc-ollios'
host_alias='i686-ollios'
host_cpu='i686'
host_os='ollios'
host_vendor='pc'
htmldir='${docdir}'
includedir='${prefix}/include'
infodir='${datarootdir}/info'
install_sh='${SHELL} /home/nxf58324/Source/ollios/newlib/install-sh'
libdir='${exec_prefix}/lib'
libexecdir='${exec_prefix}/libexec'
libm_machine_dir='i386'
localedir='${datarootdir}/locale'
localstatedir='${prefix}/var'
lpfx='lib_a-'
machine_dir='i386'
mandir='${datarootdir}/man'
mkdir_p='/usr/bin/mkdir -p'
newlib_basedir='../../../../newlib/newlib/libc/..'
oext='o'
oldincludedir='/usr/include'
pdfdir='${docdir}'
prefix='/usr'
program_transform_name='s&^&i686-ollios-&'
psdir='${docdir}'
sbindir='${exec_prefix}/sbin'
sharedstatedir='${prefix}/com'
subdirs=' machine sys'
sys_dir='ollios'
sysconfdir='${prefix}/etc'
target_alias='i686-ollios'

## ----------- ##
## confdefs.h. ##
## ----------- ##

/* confdefs.h */
#define PACKAGE_NAME "newlib"
#define PACKAGE_TARNAME "newlib"
#define PACKAGE_VERSION "3.3.0"
#define PACKAGE_STRING "newlib 3.3.0"
#define PACKAGE_BUGREPORT ""
#define PACKAGE_URL ""

configure: exit 0
