This file contains any messages produced by compilers while
running configure, to aid debugging if configure makes a mistake.

It was created by newlib configure 3.3.0, which was
generated by GNU Autoconf 2.68.  Invocation command line was

  $ ../../../../../../newlib/newlib/libm/machine/i386/configure --disable-option-checking --prefix=/usr --with-newlib --enable-multilib --with-cross-host=x86_64-pc-linux-gnu --program-transform-name=s&^&i686-ollios-& --with-target-subdir=i686-ollios --build=x86_64-pc-linux-gnu --host=i686-ollios --target=i686-ollios build_alias=x86_64-pc-linux-gnu host_alias=i686-ollios target_alias=i686-ollios CC=i686-ollios-gcc -B/home/nxf58324/Source/ollios/newlib_build/i686-ollios/newlib/ -isystem /home/nxf58324/Source/ollios/newlib_build/i686-ollios/newlib/targ-include -isystem /home/nxf58324/Source/ollios/newlib/newlib/libc/include -B/home/nxf58324/Source/ollios/newlib_build/i686-ollios/libgloss/i386 -L/home/nxf58324/Source/ollios/newlib_build/i686-ollios/libgloss/libnosys -L/home/nxf58324/Source/ollios/newlib/libgloss/i386    CFLAGS=-g -O2 LDFLAGS= CPPFLAGS= --cache-file=../../.././config.cache --srcdir=../../../../../../newlib/newlib/libm/machine/i386

## --------- ##
## Platform. ##
## --------- ##

hostname = nxf58324-pc
uname -m = x86_64
uname -r = 5.4.18-1-MANJARO
uname -s = Linux
uname -v = #1 SMP PREEMPT Thu Feb 6 11:41:30 UTC 2020

/usr/bin/uname -p = unknown
/bin/uname -X     = unknown

/bin/arch              = unknown
/usr/bin/arch -k       = unknown
/usr/convex/getsysinfo = unknown
/usr/bin/hostinfo      = unknown
/bin/machine           = unknown
/usr/bin/oslevel       = unknown
/bin/universe          = unknown

PATH: /home/nxf58324/Source/ollios/newlib_build
PATH: /home/nxf58324/Source/ollios/build2
PATH: /home/nxf58324/.local/bin
PATH: /usr/local/bin
PATH: /usr/bin
PATH: /bin
PATH: /usr/local/sbin
PATH: /usr/lib/jvm/default/bin
PATH: /usr/bin/site_perl
PATH: /usr/bin/vendor_perl
PATH: /usr/bin/core_perl
PATH: /var/lib/snapd/snap/bin
PATH: pwd


## ----------- ##
## Core tests. ##
## ----------- ##

configure:2049: loading cache ../../.././config.cache
configure:2167: checking build system type
configure:2181: result: x86_64-pc-linux-gnu
configure:2201: checking host system type
configure:2214: result: i686-pc-ollios
configure:2250: checking for a BSD-compatible install
configure:2318: result: /usr/bin/install -c
configure:2329: checking whether build environment is sane
configure:2379: result: yes
configure:2428: checking for i686-ollios-strip
configure:2455: result: i686-ollios-strip
configure:2520: checking for a thread-safe mkdir -p
configure:2559: result: /usr/bin/mkdir -p
configure:2572: checking for gawk
configure:2599: result: gawk
configure:2610: checking whether make sets $(MAKE)
configure:2632: result: yes
configure:2662: checking for style of include used by make
configure:2690: result: GNU
configure:2912: checking for gcc
configure:2939: result: i686-ollios-gcc -B/home/nxf58324/Source/ollios/newlib_build/i686-ollios/newlib/ -isystem /home/nxf58324/Source/ollios/newlib_build/i686-ollios/newlib/targ-include -isystem /home/nxf58324/Source/ollios/newlib/newlib/libc/include -B/home/nxf58324/Source/ollios/newlib_build/i686-ollios/libgloss/i386 -L/home/nxf58324/Source/ollios/newlib_build/i686-ollios/libgloss/libnosys -L/home/nxf58324/Source/ollios/newlib/libgloss/i386   
configure:2950: checking dependency style of i686-ollios-gcc -B/home/nxf58324/Source/ollios/newlib_build/i686-ollios/newlib/ -isystem /home/nxf58324/Source/ollios/newlib_build/i686-ollios/newlib/targ-include -isystem /home/nxf58324/Source/ollios/newlib/newlib/libc/include -B/home/nxf58324/Source/ollios/newlib_build/i686-ollios/libgloss/i386 -L/home/nxf58324/Source/ollios/newlib_build/i686-ollios/libgloss/libnosys -L/home/nxf58324/Source/ollios/newlib/libgloss/i386   
configure:3061: result: gcc3
configure:3134: checking whether we are using GNU C
configure:3155: result: yes
configure:3164: checking whether i686-ollios-gcc -B/home/nxf58324/Source/ollios/newlib_build/i686-ollios/newlib/ -isystem /home/nxf58324/Source/ollios/newlib_build/i686-ollios/newlib/targ-include -isystem /home/nxf58324/Source/ollios/newlib/newlib/libc/include -B/home/nxf58324/Source/ollios/newlib_build/i686-ollios/libgloss/i386 -L/home/nxf58324/Source/ollios/newlib_build/i686-ollios/libgloss/libnosys -L/home/nxf58324/Source/ollios/newlib/libgloss/i386    accepts -g
configure:3225: result: no
configure:3258: checking for i686-ollios-as
configure:3285: result: i686-ollios-as
configure:3350: checking for i686-ollios-ar
configure:3377: result: i686-ollios-ar
configure:3442: checking for i686-ollios-ranlib
configure:3469: result: i686-ollios-ranlib
configure:3534: checking for i686-ollios-readelf
configure:3561: result: i686-ollios-readelf
configure:3630: checking whether to enable maintainer-specific portions of Makefiles
configure:3639: result: no
configure:3753: checking for a sed that does not truncate output
configure:3817: result: /usr/bin/sed
configure:3839: checking how to print strings
configure:3866: result: printf
configure:11983: creating ./config.status

## ---------------------- ##
## Running config.status. ##
## ---------------------- ##

This file was extended by newlib config.status 3.3.0, which was
generated by GNU Autoconf 2.68.  Invocation command line was

  CONFIG_FILES    = 
  CONFIG_HEADERS  = 
  CONFIG_LINKS    = 
  CONFIG_COMMANDS = 
  $ ./config.status 

on nxf58324-pc

config.status:1026: creating Makefile
config.status:1183: executing depfiles commands

## ---------------- ##
## Cache variables. ##
## ---------------- ##

ac_cv_build=x86_64-pc-linux-gnu
ac_cv_c_compiler_gnu=yes
ac_cv_env_CCASFLAGS_set=
ac_cv_env_CCASFLAGS_value=
ac_cv_env_CCAS_set=
ac_cv_env_CCAS_value=
ac_cv_env_CC_set=set
ac_cv_env_CC_value='i686-ollios-gcc -B/home/nxf58324/Source/ollios/newlib_build/i686-ollios/newlib/ -isystem /home/nxf58324/Source/ollios/newlib_build/i686-ollios/newlib/targ-include -isystem /home/nxf58324/Source/ollios/newlib/newlib/libc/include -B/home/nxf58324/Source/ollios/newlib_build/i686-ollios/libgloss/i386 -L/home/nxf58324/Source/ollios/newlib_build/i686-ollios/libgloss/libnosys -L/home/nxf58324/Source/ollios/newlib/libgloss/i386   '
ac_cv_env_CFLAGS_set=set
ac_cv_env_CFLAGS_value='-g -O2'
ac_cv_env_CPPFLAGS_set=set
ac_cv_env_CPPFLAGS_value=
ac_cv_env_CPP_set=
ac_cv_env_CPP_value=
ac_cv_env_LDFLAGS_set=set
ac_cv_env_LDFLAGS_value=
ac_cv_env_LIBS_set=
ac_cv_env_LIBS_value=
ac_cv_env_build_alias_set=set
ac_cv_env_build_alias_value=x86_64-pc-linux-gnu
ac_cv_env_host_alias_set=set
ac_cv_env_host_alias_value=i686-ollios
ac_cv_env_target_alias_set=set
ac_cv_env_target_alias_value=i686-ollios
ac_cv_host=i686-pc-ollios
ac_cv_path_SED=/usr/bin/sed
ac_cv_path_mkdir=/usr/bin/mkdir
ac_cv_prog_AR=i686-ollios-ar
ac_cv_prog_AS=i686-ollios-as
ac_cv_prog_AWK=gawk
ac_cv_prog_CC='i686-ollios-gcc -B/home/nxf58324/Source/ollios/newlib_build/i686-ollios/newlib/ -isystem /home/nxf58324/Source/ollios/newlib_build/i686-ollios/newlib/targ-include -isystem /home/nxf58324/Source/ollios/newlib/newlib/libc/include -B/home/nxf58324/Source/ollios/newlib_build/i686-ollios/libgloss/i386 -L/home/nxf58324/Source/ollios/newlib_build/i686-ollios/libgloss/libnosys -L/home/nxf58324/Source/ollios/newlib/libgloss/i386   '
ac_cv_prog_RANLIB=i686-ollios-ranlib
ac_cv_prog_READELF=i686-ollios-readelf
ac_cv_prog_STRIP=i686-ollios-strip
ac_cv_prog_cc_g=no
ac_cv_prog_make_make_set=yes
acnewlib_cv_type_long_double=yes
am_cv_CC_dependencies_compiler_type=gcc3
libc_cv_cc_loop_to_function=yes
libc_cv_initfinit_array=no
newlib_cv_build_exeext=no
newlib_cv_ldbl_eq_dbl=no

## ----------------- ##
## Output variables. ##
## ----------------- ##

ACLOCAL='${SHELL} /home/nxf58324/Source/ollios/newlib/missing --run aclocal-1.11'
AMDEPBACKSLASH='\'
AMDEP_FALSE='#'
AMDEP_TRUE=''
AMTAR='$${TAR-tar}'
AR='i686-ollios-ar'
AS='i686-ollios-as'
AUTOCONF='${SHELL} /home/nxf58324/Source/ollios/newlib/missing --run autoconf'
AUTOHEADER='${SHELL} /home/nxf58324/Source/ollios/newlib/missing --run autoheader'
AUTOMAKE='${SHELL} /home/nxf58324/Source/ollios/newlib/missing --run automake-1.11'
AWK='gawk'
CC='i686-ollios-gcc -B/home/nxf58324/Source/ollios/newlib_build/i686-ollios/newlib/ -isystem /home/nxf58324/Source/ollios/newlib_build/i686-ollios/newlib/targ-include -isystem /home/nxf58324/Source/ollios/newlib/newlib/libc/include -B/home/nxf58324/Source/ollios/newlib_build/i686-ollios/libgloss/i386 -L/home/nxf58324/Source/ollios/newlib_build/i686-ollios/libgloss/libnosys -L/home/nxf58324/Source/ollios/newlib/libgloss/i386   '
CCAS='i686-ollios-gcc -B/home/nxf58324/Source/ollios/newlib_build/i686-ollios/newlib/ -isystem /home/nxf58324/Source/ollios/newlib_build/i686-ollios/newlib/targ-include -isystem /home/nxf58324/Source/ollios/newlib/newlib/libc/include -B/home/nxf58324/Source/ollios/newlib_build/i686-ollios/libgloss/i386 -L/home/nxf58324/Source/ollios/newlib_build/i686-ollios/libgloss/libnosys -L/home/nxf58324/Source/ollios/newlib/libgloss/i386   '
CCASFLAGS='-g -O2'
CCDEPMODE='depmode=gcc3'
CFLAGS='-g -O2'
CPP=''
CPPFLAGS=''
CYGPATH_W='echo'
DEFS='-DPACKAGE_NAME=\"newlib\" -DPACKAGE_TARNAME=\"newlib\" -DPACKAGE_VERSION=\"3.3.0\" -DPACKAGE_STRING=\"newlib\ 3.3.0\" -DPACKAGE_BUGREPORT=\"\" -DPACKAGE_URL=\"\"'
DEPDIR='.deps'
DLLTOOL='i686-ollios-dlltool'
DSYMUTIL=''
DUMPBIN=''
ECHO_C=''
ECHO_N='-n'
ECHO_T=''
EGREP=''
ELIX_LEVEL_0_FALSE='#'
ELIX_LEVEL_0_TRUE=''
ELIX_LEVEL_1_FALSE=''
ELIX_LEVEL_1_TRUE='#'
ELIX_LEVEL_2_FALSE=''
ELIX_LEVEL_2_TRUE='#'
ELIX_LEVEL_3_FALSE=''
ELIX_LEVEL_3_TRUE='#'
ELIX_LEVEL_4_FALSE=''
ELIX_LEVEL_4_TRUE='#'
EXEEXT=''
FGREP=''
GREP=''
INSTALL_DATA='/usr/bin/install -c -m 644'
INSTALL_PROGRAM='/usr/bin/install -c'
INSTALL_SCRIPT='/usr/bin/install -c'
INSTALL_STRIP_PROGRAM='$(install_sh) -c -s'
LD='i686-ollios-ld'
LDFLAGS=''
LIBOBJS=''
LIBS=''
LIBTOOL=''
LIPO='i686-ollios-lipo'
LN_S=''
LTLIBOBJS=''
MAINT='#'
MAINTAINER_MODE_FALSE=''
MAINTAINER_MODE_TRUE='#'
MAKEINFO='makeinfo --split-size=5000000'
MAY_SUPPLY_SYSCALLS_FALSE='#'
MAY_SUPPLY_SYSCALLS_TRUE=''
MKDIR_P='/usr/bin/mkdir -p'
NEWLIB_CFLAGS=' -fno-builtin -DMISSING_SYSCALL_NAMES -DHAVE_INIT_FINI'
NM='i686-ollios-nm'
NMEDIT=''
NO_INCLUDE_LIST=' rpc/types.h rpc/xdr.h'
OBJDUMP='i686-ollios-objdump'
OBJEXT='o'
OTOOL64=''
OTOOL=''
PACKAGE='newlib'
PACKAGE_BUGREPORT=''
PACKAGE_NAME='newlib'
PACKAGE_STRING='newlib 3.3.0'
PACKAGE_TARNAME='newlib'
PACKAGE_URL=''
PACKAGE_VERSION='3.3.0'
PATH_SEPARATOR=':'
RANLIB='i686-ollios-ranlib'
READELF='i686-ollios-readelf'
SED='/usr/bin/sed'
SET_MAKE=''
SHELL='/bin/sh'
STRIP='i686-ollios-strip'
USE_LIBTOOL_FALSE=''
USE_LIBTOOL_TRUE='#'
VERSION='3.3.0'
ac_ct_CC=''
ac_ct_DUMPBIN=''
aext='a'
am__EXEEXT_FALSE=''
am__EXEEXT_TRUE='#'
am__fastdepCC_FALSE='#'
am__fastdepCC_TRUE=''
am__include='include'
am__isrc=' -I$(srcdir)'
am__leading_dot='.'
am__nodep='_no'
am__quote=''
am__tar='$${TAR-tar} chof - "$$tardir"'
am__untar='$${TAR-tar} xf -'
bindir='${exec_prefix}/bin'
build='x86_64-pc-linux-gnu'
build_alias='x86_64-pc-linux-gnu'
build_cpu='x86_64'
build_os='linux-gnu'
build_vendor='pc'
datadir='${datarootdir}'
datarootdir='${prefix}/share'
docdir='${datarootdir}/doc/${PACKAGE_TARNAME}'
dvidir='${docdir}'
exec_prefix='${prefix}'
host='i686-pc-ollios'
host_alias='i686-ollios'
host_cpu='i686'
host_os='ollios'
host_vendor='pc'
htmldir='${docdir}'
includedir='${prefix}/include'
infodir='${datarootdir}/info'
install_sh='${SHELL} /home/nxf58324/Source/ollios/newlib/install-sh'
libdir='${exec_prefix}/lib'
libexecdir='${exec_prefix}/libexec'
libm_machine_dir='i386'
localedir='${datarootdir}/locale'
localstatedir='${prefix}/var'
lpfx='lib_a-'
machine_dir='i386'
mandir='${datarootdir}/man'
mkdir_p='/usr/bin/mkdir -p'
newlib_basedir='../../../../../../newlib/newlib/libm/machine/i386/../../..'
oext='o'
oldincludedir='/usr/include'
pdfdir='${docdir}'
prefix='/usr'
program_transform_name='s&^&i686-ollios-&'
psdir='${docdir}'
sbindir='${exec_prefix}/sbin'
sharedstatedir='${prefix}/com'
sys_dir='ollios'
sysconfdir='${prefix}/etc'
target_alias='i686-ollios'

## ----------- ##
## confdefs.h. ##
## ----------- ##

/* confdefs.h */
#define PACKAGE_NAME "newlib"
#define PACKAGE_TARNAME "newlib"
#define PACKAGE_VERSION "3.3.0"
#define PACKAGE_STRING "newlib 3.3.0"
#define PACKAGE_BUGREPORT ""
#define PACKAGE_URL ""

configure: exit 0
