This file contains any messages produced by compilers while
running configure, to aid debugging if configure makes a mistake.

It was created by libgloss configure LIBGLOSS_VERSION, which was
generated by GNU Autoconf 2.68.  Invocation command line was

  $ /home/nxf58324/Source/ollios/newlib/libgloss/configure --srcdir=../../../newlib/libgloss --cache-file=./config.cache --with-newlib --enable-multilib --with-cross-host=x86_64-pc-linux-gnu --prefix=/usr --program-transform-name=s&^&i686-ollios-& --disable-option-checking --with-target-subdir=i686-ollios --build=x86_64-pc-linux-gnu --host=i686-ollios --target=i686-ollios

## --------- ##
## Platform. ##
## --------- ##

hostname = nxf58324-pc
uname -m = x86_64
uname -r = 5.4.18-1-MANJARO
uname -s = Linux
uname -v = #1 SMP PREEMPT Thu Feb 6 11:41:30 UTC 2020

/usr/bin/uname -p = unknown
/bin/uname -X     = unknown

/bin/arch              = unknown
/usr/bin/arch -k       = unknown
/usr/convex/getsysinfo = unknown
/usr/bin/hostinfo      = unknown
/bin/machine           = unknown
/usr/bin/oslevel       = unknown
/bin/universe          = unknown

PATH: /home/nxf58324/Source/ollios/newlib_build
PATH: /home/nxf58324/Source/ollios/build2
PATH: /home/nxf58324/.local/bin
PATH: /usr/local/bin
PATH: /usr/bin
PATH: /bin
PATH: /usr/local/sbin
PATH: /usr/lib/jvm/default/bin
PATH: /usr/bin/site_perl
PATH: /usr/bin/vendor_perl
PATH: /usr/bin/core_perl
PATH: /var/lib/snapd/snap/bin
PATH: pwd


## ----------- ##
## Core tests. ##
## ----------- ##

configure:1727: loading cache ./config.cache
configure:1867: checking for a BSD-compatible install
configure:1935: result: /usr/bin/install -c
configure:1951: checking build system type
configure:1965: result: x86_64-pc-linux-gnu
configure:1985: checking host system type
configure:1998: result: i686-pc-ollios
configure:2018: checking target system type
configure:2031: result: i686-pc-ollios
configure:2059: checking whether build environment is sane
configure:2096: result: yes
configure:2158: checking for gawk
configure:2185: result: gawk
configure:2196: checking whether make sets $(MAKE)
configure:2218: result: yes
configure:2283: checking for i686-ollios-strip
configure:2310: result: i686-ollios-strip
configure:2615: checking for style of include used by make
configure:2643: result: GNU
configure:2670: checking for gcc
configure:2697: result: i686-ollios-gcc -B/home/nxf58324/Source/ollios/newlib_build/i686-ollios/newlib/ -isystem /home/nxf58324/Source/ollios/newlib_build/i686-ollios/newlib/targ-include -isystem /home/nxf58324/Source/ollios/newlib/newlib/libc/include -B/home/nxf58324/Source/ollios/newlib_build/i686-ollios/libgloss/i386 -L/home/nxf58324/Source/ollios/newlib_build/i686-ollios/libgloss/libnosys -L/home/nxf58324/Source/ollios/newlib/libgloss/i386   
configure:2708: checking dependency style of i686-ollios-gcc -B/home/nxf58324/Source/ollios/newlib_build/i686-ollios/newlib/ -isystem /home/nxf58324/Source/ollios/newlib_build/i686-ollios/newlib/targ-include -isystem /home/nxf58324/Source/ollios/newlib/newlib/libc/include -B/home/nxf58324/Source/ollios/newlib_build/i686-ollios/libgloss/i386 -L/home/nxf58324/Source/ollios/newlib_build/i686-ollios/libgloss/libnosys -L/home/nxf58324/Source/ollios/newlib/libgloss/i386   
configure:2798: result: gcc3
configure:2873: checking whether we are using GNU C
configure:2894: result: yes
configure:2904: checking whether i686-ollios-gcc -B/home/nxf58324/Source/ollios/newlib_build/i686-ollios/newlib/ -isystem /home/nxf58324/Source/ollios/newlib_build/i686-ollios/newlib/targ-include -isystem /home/nxf58324/Source/ollios/newlib/newlib/libc/include -B/home/nxf58324/Source/ollios/newlib_build/i686-ollios/libgloss/i386 -L/home/nxf58324/Source/ollios/newlib_build/i686-ollios/libgloss/libnosys -L/home/nxf58324/Source/ollios/newlib/libgloss/i386    accepts -g
configure:2965: result: no
configure:2998: checking for ar
configure:3026: result: i686-ollios-ar
configure:3041: checking for i686-ollios-ranlib
configure:3068: result: i686-ollios-ranlib
configure:3303: creating ./config.status

## ---------------------- ##
## Running config.status. ##
## ---------------------- ##

This file was extended by libgloss config.status LIBGLOSS_VERSION, which was
generated by GNU Autoconf 2.68.  Invocation command line was

  CONFIG_FILES    = 
  CONFIG_HEADERS  = 
  CONFIG_LINKS    = 
  CONFIG_COMMANDS = 
  $ ./config.status 

on nxf58324-pc

config.status:824: creating Makefile
config.status:980: executing depfiles commands
configure:4546: === configuring in doc (/home/nxf58324/Source/ollios/newlib_build/i686-ollios/libgloss/doc)
configure:4609: running /bin/sh ../../../../newlib/libgloss/doc/configure --disable-option-checking '--prefix=/usr'  '--with-newlib' '--enable-multilib' '--with-cross-host=x86_64-pc-linux-gnu' '--program-transform-name=s&^&i686-ollios-&' '--with-target-subdir=i686-ollios' '--build=x86_64-pc-linux-gnu' '--host=i686-ollios' '--target=i686-ollios' 'build_alias=x86_64-pc-linux-gnu' 'host_alias=i686-ollios' 'target_alias=i686-ollios' --cache-file=.././config.cache --srcdir=../../../../newlib/libgloss/doc
configure:4546: === configuring in libnosys (/home/nxf58324/Source/ollios/newlib_build/i686-ollios/libgloss/libnosys)
configure:4609: running /bin/sh ../../../../newlib/libgloss/libnosys/configure --disable-option-checking '--prefix=/usr'  '--with-newlib' '--enable-multilib' '--with-cross-host=x86_64-pc-linux-gnu' '--program-transform-name=s&^&i686-ollios-&' '--with-target-subdir=i686-ollios' '--build=x86_64-pc-linux-gnu' '--host=i686-ollios' '--target=i686-ollios' 'build_alias=x86_64-pc-linux-gnu' 'host_alias=i686-ollios' 'target_alias=i686-ollios' --cache-file=.././config.cache --srcdir=../../../../newlib/libgloss/libnosys

## ---------------- ##
## Cache variables. ##
## ---------------- ##

ac_cv_build=x86_64-pc-linux-gnu
ac_cv_c_compiler_gnu=yes
ac_cv_env_CCASFLAGS_set=
ac_cv_env_CCASFLAGS_value=
ac_cv_env_CCAS_set=
ac_cv_env_CCAS_value=
ac_cv_env_build_alias_set=set
ac_cv_env_build_alias_value=x86_64-pc-linux-gnu
ac_cv_env_host_alias_set=set
ac_cv_env_host_alias_value=i686-ollios
ac_cv_env_target_alias_set=set
ac_cv_env_target_alias_value=i686-ollios
ac_cv_host=i686-pc-ollios
ac_cv_prog_AR=i686-ollios-ar
ac_cv_prog_AWK=gawk
ac_cv_prog_CC='i686-ollios-gcc -B/home/nxf58324/Source/ollios/newlib_build/i686-ollios/newlib/ -isystem /home/nxf58324/Source/ollios/newlib_build/i686-ollios/newlib/targ-include -isystem /home/nxf58324/Source/ollios/newlib/newlib/libc/include -B/home/nxf58324/Source/ollios/newlib_build/i686-ollios/libgloss/i386 -L/home/nxf58324/Source/ollios/newlib_build/i686-ollios/libgloss/libnosys -L/home/nxf58324/Source/ollios/newlib/libgloss/i386   '
ac_cv_prog_RANLIB=i686-ollios-ranlib
ac_cv_prog_STRIP=i686-ollios-strip
ac_cv_prog_cc_g=no
ac_cv_prog_make_make_set=yes
ac_cv_target=i686-pc-ollios
am_cv_CC_dependencies_compiler_type=gcc3
libc_cv_symbol_prefix=none

## ----------------- ##
## Output variables. ##
## ----------------- ##

ACLOCAL='${SHELL} /home/nxf58324/Source/ollios/newlib/missing --run aclocal-1.9'
AMDEPBACKSLASH='\'
AMDEP_FALSE='#'
AMDEP_TRUE=''
AMTAR='${SHELL} /home/nxf58324/Source/ollios/newlib/missing --run tar'
AR='i686-ollios-ar'
AS='i686-ollios-as'
AUTOCONF='${SHELL} /home/nxf58324/Source/ollios/newlib/missing --run autoconf'
AUTOHEADER='${SHELL} /home/nxf58324/Source/ollios/newlib/missing --run autoheader'
AUTOMAKE='${SHELL} /home/nxf58324/Source/ollios/newlib/missing --run automake-1.9'
AWK='gawk'
CC='i686-ollios-gcc -B/home/nxf58324/Source/ollios/newlib_build/i686-ollios/newlib/ -isystem /home/nxf58324/Source/ollios/newlib_build/i686-ollios/newlib/targ-include -isystem /home/nxf58324/Source/ollios/newlib/newlib/libc/include -B/home/nxf58324/Source/ollios/newlib_build/i686-ollios/libgloss/i386 -L/home/nxf58324/Source/ollios/newlib_build/i686-ollios/libgloss/libnosys -L/home/nxf58324/Source/ollios/newlib/libgloss/i386   '
CCAS='i686-ollios-gcc -B/home/nxf58324/Source/ollios/newlib_build/i686-ollios/newlib/ -isystem /home/nxf58324/Source/ollios/newlib_build/i686-ollios/newlib/targ-include -isystem /home/nxf58324/Source/ollios/newlib/newlib/libc/include -B/home/nxf58324/Source/ollios/newlib_build/i686-ollios/libgloss/i386 -L/home/nxf58324/Source/ollios/newlib_build/i686-ollios/libgloss/libnosys -L/home/nxf58324/Source/ollios/newlib/libgloss/i386   '
CCASFLAGS=''
CCDEPMODE='depmode=gcc3'
CYGPATH_W='echo'
DEFS='-DPACKAGE_NAME=\"libgloss\" -DPACKAGE_TARNAME=\"libgloss\" -DPACKAGE_VERSION=\"LIBGLOSS_VERSION\" -DPACKAGE_STRING=\"libgloss\ LIBGLOSS_VERSION\" -DPACKAGE_BUGREPORT=\"\" -DPACKAGE_URL=\"\"'
DEPDIR='.deps'
ECHO_C=''
ECHO_N='-n'
ECHO_T=''
INSTALL_DATA='/usr/bin/install -c -m 644'
INSTALL_PROGRAM='/usr/bin/install -c'
INSTALL_SCRIPT='/usr/bin/install -c'
INSTALL_STRIP_PROGRAM='${SHELL} $(install_sh) -c -s'
LD='i686-ollios-ld'
LIBOBJS=''
LIBS=''
LTLIBOBJS=''
MAKEINFO='makeinfo --split-size=5000000'
PACKAGE='libgloss'
PACKAGE_BUGREPORT=''
PACKAGE_NAME='libgloss'
PACKAGE_STRING='libgloss LIBGLOSS_VERSION'
PACKAGE_TARNAME='libgloss'
PACKAGE_URL=''
PACKAGE_VERSION='LIBGLOSS_VERSION'
PATH_SEPARATOR=':'
RANLIB='i686-ollios-ranlib'
SET_MAKE=''
SHELL='/bin/sh'
STRIP='i686-ollios-strip'
VERSION='LIBGLOSS_VERSION'
am__fastdepCC_FALSE='#'
am__fastdepCC_TRUE=''
am__include='include'
am__leading_dot='.'
am__quote=''
am__tar='${AMTAR} chof - "$$tardir"'
am__untar='${AMTAR} xf -'
bindir='${exec_prefix}/bin'
build='x86_64-pc-linux-gnu'
build_alias='x86_64-pc-linux-gnu'
build_cpu='x86_64'
build_os='linux-gnu'
build_vendor='pc'
datadir='${datarootdir}'
datarootdir='${prefix}/share'
docdir='${datarootdir}/doc/${PACKAGE_TARNAME}'
dvidir='${docdir}'
exec_prefix='${prefix}'
host='i686-pc-ollios'
host_alias='i686-ollios'
host_cpu='i686'
host_makefile_frag_path='../../../newlib/libgloss/config/default.mh'
host_os='ollios'
host_vendor='pc'
htmldir='${docdir}'
includedir='${prefix}/include'
infodir='${datarootdir}/info'
install_sh='/home/nxf58324/Source/ollios/newlib/install-sh'
libdir='${exec_prefix}/lib'
libexecdir='${exec_prefix}/libexec'
localedir='${datarootdir}/locale'
localstatedir='${prefix}/var'
mandir='${datarootdir}/man'
mkdir_p='mkdir -p --'
oldincludedir='/usr/include'
pdfdir='${docdir}'
prefix='/usr'
program_transform_name='s&^&i686-ollios-&'
psdir='${docdir}'
sbindir='${exec_prefix}/sbin'
sharedstatedir='${prefix}/com'
subdirs=' doc libnosys'
sysconfdir='${prefix}/etc'
target='i686-pc-ollios'
target_alias='i686-ollios'
target_cpu='i686'
target_os='ollios'
target_vendor='pc'

## ------------------- ##
## File substitutions. ##
## ------------------- ##

host_makefile_frag='../../../newlib/libgloss/config/default.mh'

## ----------- ##
## confdefs.h. ##
## ----------- ##

/* confdefs.h */
#define PACKAGE_NAME "libgloss"
#define PACKAGE_TARNAME "libgloss"
#define PACKAGE_VERSION "LIBGLOSS_VERSION"
#define PACKAGE_STRING "libgloss LIBGLOSS_VERSION"
#define PACKAGE_BUGREPORT ""
#define PACKAGE_URL ""

configure: exit 0
