This file contains any messages produced by compilers while
running configure, to aid debugging if configure makes a mistake.

It was created by configure, which was
generated by GNU Autoconf 2.61.  Invocation command line was

  $ ../../../../source/libgloss/doc/configure --disable-option-checking --prefix=/home/nxf58324/Source/ollios/newlib/build/out --with-newlib --enable-multilib --with-cross-host=x86_64-pc-linux-gnu --program-transform-name=s&^&i686-ollios-& --with-target-subdir=i686-ollios --build=x86_64-pc-linux-gnu --host=i686-ollios --target=i686-ollios build_alias=x86_64-pc-linux-gnu host_alias=i686-ollios target_alias=i686-ollios --cache-file=.././config.cache --srcdir=../../../../source/libgloss/doc

## --------- ##
## Platform. ##
## --------- ##

hostname = nxf58324-pc
uname -m = x86_64
uname -r = 5.4.18-1-MANJARO
uname -s = Linux
uname -v = #1 SMP PREEMPT Thu Feb 6 11:41:30 UTC 2020

/usr/bin/uname -p = unknown
/bin/uname -X     = unknown

/bin/arch              = unknown
/usr/bin/arch -k       = unknown
/usr/convex/getsysinfo = unknown
/usr/bin/hostinfo      = unknown
/bin/machine           = unknown
/usr/bin/oslevel       = unknown
/bin/universe          = unknown

PATH: /home/nxf58324/Source/ollios/newlib/build
PATH: /home/nxf58324/.local/bin
PATH: /usr/local/bin
PATH: /usr/bin
PATH: /bin
PATH: /usr/local/sbin
PATH: /usr/lib/jvm/default/bin
PATH: /usr/bin/site_perl
PATH: /usr/bin/vendor_perl
PATH: /usr/bin/core_perl
PATH: /var/lib/snapd/snap/bin


## ----------- ##
## Core tests. ##
## ----------- ##

configure:1520: loading cache .././config.cache
configure:1687: checking for a BSD-compatible install
configure:1743: result: /usr/bin/install -c
configure:1879: creating ./config.status

## ---------------------- ##
## Running config.status. ##
## ---------------------- ##

This file was extended by config.status, which was
generated by GNU Autoconf 2.61.  Invocation command line was

  CONFIG_FILES    = 
  CONFIG_HEADERS  = 
  CONFIG_LINKS    = 
  CONFIG_COMMANDS = 
  $ ./config.status 

on nxf58324-pc

config.status:568: creating Makefile

## ---------------- ##
## Cache variables. ##
## ---------------- ##

ac_cv_build=x86_64-pc-linux-gnu
ac_cv_c_compiler_gnu=yes
ac_cv_env_CCASFLAGS_set=
ac_cv_env_CCASFLAGS_value=
ac_cv_env_CCAS_set=
ac_cv_env_CCAS_value=
ac_cv_env_build_alias_set=set
ac_cv_env_build_alias_value=x86_64-pc-linux-gnu
ac_cv_env_host_alias_set=set
ac_cv_env_host_alias_value=i686-ollios
ac_cv_env_target_alias_set=set
ac_cv_env_target_alias_value=i686-ollios
ac_cv_host=i686-pc-ollios
ac_cv_prog_AR=i686-ollios-ar
ac_cv_prog_AWK=gawk
ac_cv_prog_CC='i686-ollios-cc -B/home/nxf58324/Source/ollios/newlib/build/i686-ollios/newlib/ -isystem /home/nxf58324/Source/ollios/newlib/build/i686-ollios/newlib/targ-include -isystem /home/nxf58324/Source/ollios/newlib/source/newlib/libc/include -B/home/nxf58324/Source/ollios/newlib/build/i686-ollios/libgloss/i386 -L/home/nxf58324/Source/ollios/newlib/build/i686-ollios/libgloss/libnosys -L/home/nxf58324/Source/ollios/newlib/source/libgloss/i386   '
ac_cv_prog_RANLIB=i686-ollios-ranlib
ac_cv_prog_STRIP=i686-ollios-strip
ac_cv_prog_cc_g=no
ac_cv_prog_make_make_set=yes
ac_cv_target=i686-pc-ollios
am_cv_CC_dependencies_compiler_type=gcc3

## ----------------- ##
## Output variables. ##
## ----------------- ##

DEFS='-DPACKAGE_NAME=\"\" -DPACKAGE_TARNAME=\"\" -DPACKAGE_VERSION=\"\" -DPACKAGE_STRING=\"\" -DPACKAGE_BUGREPORT=\"\"'
ECHO_C=''
ECHO_N='-n'
ECHO_T=''
INSTALL_DATA='/usr/bin/install -c -m 644'
INSTALL_PROGRAM='/usr/bin/install -c'
INSTALL_SCRIPT='/usr/bin/install -c'
LIBOBJS=''
LIBS=''
LTLIBOBJS=''
PACKAGE_BUGREPORT=''
PACKAGE_NAME=''
PACKAGE_STRING=''
PACKAGE_TARNAME=''
PACKAGE_VERSION=''
PATH_SEPARATOR=':'
SHELL='/bin/sh'
bindir='${exec_prefix}/bin'
build_alias='x86_64-pc-linux-gnu'
datadir='${datarootdir}'
datarootdir='${prefix}/share'
docdir='${datarootdir}/doc/${PACKAGE}'
dvidir='${docdir}'
exec_prefix='${prefix}'
host_alias='i686-ollios'
htmldir='${docdir}'
includedir='${prefix}/include'
infodir='${datarootdir}/info'
libdir='${exec_prefix}/lib'
libexecdir='${exec_prefix}/libexec'
localedir='${datarootdir}/locale'
localstatedir='${prefix}/var'
mandir='${datarootdir}/man'
oldincludedir='/usr/include'
pdfdir='${docdir}'
prefix='/home/nxf58324/Source/ollios/newlib/build/out'
program_transform_name='s&^&i686-ollios-&'
psdir='${docdir}'
sbindir='${exec_prefix}/sbin'
sharedstatedir='${prefix}/com'
sysconfdir='${prefix}/etc'
target_alias='i686-ollios'

## ----------- ##
## confdefs.h. ##
## ----------- ##

#define PACKAGE_NAME ""
#define PACKAGE_TARNAME ""
#define PACKAGE_VERSION ""
#define PACKAGE_STRING ""
#define PACKAGE_BUGREPORT ""

configure: exit 0
