This file contains any messages produced by compilers while
running configure, to aid debugging if configure makes a mistake.

It was created by newlib configure 3.3.0, which was
generated by GNU Autoconf 2.68.  Invocation command line was

  $ /home/nxf58324/Source/ollios/newlib/source/newlib/configure --srcdir=../../../source/newlib --cache-file=./config.cache --with-newlib --enable-multilib --with-cross-host=x86_64-pc-linux-gnu --prefix=/home/nxf58324/Source/ollios/newlib/build/out --program-transform-name=s&^&i686-ollios-& --disable-option-checking --with-target-subdir=i686-ollios --build=x86_64-pc-linux-gnu --host=i686-ollios --target=i686-ollios

## --------- ##
## Platform. ##
## --------- ##

hostname = nxf58324-pc
uname -m = x86_64
uname -r = 5.4.18-1-MANJARO
uname -s = Linux
uname -v = #1 SMP PREEMPT Thu Feb 6 11:41:30 UTC 2020

/usr/bin/uname -p = unknown
/bin/uname -X     = unknown

/bin/arch              = unknown
/usr/bin/arch -k       = unknown
/usr/convex/getsysinfo = unknown
/usr/bin/hostinfo      = unknown
/bin/machine           = unknown
/usr/bin/oslevel       = unknown
/bin/universe          = unknown

PATH: /home/nxf58324/Source/ollios/newlib/build
PATH: /home/nxf58324/.local/bin
PATH: /usr/local/bin
PATH: /usr/bin
PATH: /bin
PATH: /usr/local/sbin
PATH: /usr/lib/jvm/default/bin
PATH: /usr/bin/site_perl
PATH: /usr/bin/vendor_perl
PATH: /usr/bin/core_perl
PATH: /var/lib/snapd/snap/bin


## ----------- ##
## Core tests. ##
## ----------- ##

configure:2138: creating cache ./config.cache
configure:2535: checking build system type
configure:2549: result: x86_64-pc-linux-gnu
configure:2569: checking host system type
configure:2582: result: i686-pc-ollios
configure:2618: checking for a BSD-compatible install
configure:2686: result: /usr/bin/install -c
configure:2697: checking whether build environment is sane
configure:2747: result: yes
configure:2796: checking for i686-ollios-strip
configure:2823: result: i686-ollios-strip
configure:2888: checking for a thread-safe mkdir -p
configure:2927: result: /usr/bin/mkdir -p
configure:2940: checking for gawk
configure:2967: result: gawk
configure:2978: checking whether make sets $(MAKE)
configure:3000: result: yes
configure:3030: checking for style of include used by make
configure:3058: result: GNU
configure:3280: checking for gcc
configure:3307: result: i686-ollios-cc -B/home/nxf58324/Source/ollios/newlib/build/i686-ollios/newlib/ -isystem /home/nxf58324/Source/ollios/newlib/build/i686-ollios/newlib/targ-include -isystem /home/nxf58324/Source/ollios/newlib/source/newlib/libc/include -B/home/nxf58324/Source/ollios/newlib/build/i686-ollios/libgloss/i386 -L/home/nxf58324/Source/ollios/newlib/build/i686-ollios/libgloss/libnosys -L/home/nxf58324/Source/ollios/newlib/source/libgloss/i386   
configure:3318: checking dependency style of i686-ollios-cc -B/home/nxf58324/Source/ollios/newlib/build/i686-ollios/newlib/ -isystem /home/nxf58324/Source/ollios/newlib/build/i686-ollios/newlib/targ-include -isystem /home/nxf58324/Source/ollios/newlib/source/newlib/libc/include -B/home/nxf58324/Source/ollios/newlib/build/i686-ollios/libgloss/i386 -L/home/nxf58324/Source/ollios/newlib/build/i686-ollios/libgloss/libnosys -L/home/nxf58324/Source/ollios/newlib/source/libgloss/i386   
configure:3429: result: gcc3
configure:3502: checking whether we are using GNU C
configure:3513: i686-ollios-cc -B/home/nxf58324/Source/ollios/newlib/build/i686-ollios/newlib/ -isystem /home/nxf58324/Source/ollios/newlib/build/i686-ollios/newlib/targ-include -isystem /home/nxf58324/Source/ollios/newlib/source/newlib/libc/include -B/home/nxf58324/Source/ollios/newlib/build/i686-ollios/libgloss/i386 -L/home/nxf58324/Source/ollios/newlib/build/i686-ollios/libgloss/libnosys -L/home/nxf58324/Source/ollios/newlib/source/libgloss/i386    -E conftest.c
configure:3516: $? = 0
configure:3523: result: yes
configure:3532: checking whether i686-ollios-cc -B/home/nxf58324/Source/ollios/newlib/build/i686-ollios/newlib/ -isystem /home/nxf58324/Source/ollios/newlib/build/i686-ollios/newlib/targ-include -isystem /home/nxf58324/Source/ollios/newlib/source/newlib/libc/include -B/home/nxf58324/Source/ollios/newlib/build/i686-ollios/libgloss/i386 -L/home/nxf58324/Source/ollios/newlib/build/i686-ollios/libgloss/libnosys -L/home/nxf58324/Source/ollios/newlib/source/libgloss/i386    accepts -g
configure:3552: i686-ollios-cc -B/home/nxf58324/Source/ollios/newlib/build/i686-ollios/newlib/ -isystem /home/nxf58324/Source/ollios/newlib/build/i686-ollios/newlib/targ-include -isystem /home/nxf58324/Source/ollios/newlib/source/newlib/libc/include -B/home/nxf58324/Source/ollios/newlib/build/i686-ollios/libgloss/i386 -L/home/nxf58324/Source/ollios/newlib/build/i686-ollios/libgloss/libnosys -L/home/nxf58324/Source/ollios/newlib/source/libgloss/i386    -c -g  conftest.c >&5
configure:3552: $? = 0
configure: failed program was:
| /* confdefs.h */
| #define PACKAGE_NAME "newlib"
| #define PACKAGE_TARNAME "newlib"
| #define PACKAGE_VERSION "3.3.0"
| #define PACKAGE_STRING "newlib 3.3.0"
| #define PACKAGE_BUGREPORT ""
| #define PACKAGE_URL ""
| /* end confdefs.h.  */
| 
| int
| main ()
| {
| 
|   ;
|   return 0;
| }
configure:3567: i686-ollios-cc -B/home/nxf58324/Source/ollios/newlib/build/i686-ollios/newlib/ -isystem /home/nxf58324/Source/ollios/newlib/build/i686-ollios/newlib/targ-include -isystem /home/nxf58324/Source/ollios/newlib/source/newlib/libc/include -B/home/nxf58324/Source/ollios/newlib/build/i686-ollios/libgloss/i386 -L/home/nxf58324/Source/ollios/newlib/build/i686-ollios/libgloss/libnosys -L/home/nxf58324/Source/ollios/newlib/source/libgloss/i386    -c   conftest.c >&5
configure:3567: $? = 0
configure: failed program was:
| /* confdefs.h */
| #define PACKAGE_NAME "newlib"
| #define PACKAGE_TARNAME "newlib"
| #define PACKAGE_VERSION "3.3.0"
| #define PACKAGE_STRING "newlib 3.3.0"
| #define PACKAGE_BUGREPORT ""
| #define PACKAGE_URL ""
| /* end confdefs.h.  */
| 
| int
| main ()
| {
| 
|   ;
|   return 0;
| }
configure:3583: i686-ollios-cc -B/home/nxf58324/Source/ollios/newlib/build/i686-ollios/newlib/ -isystem /home/nxf58324/Source/ollios/newlib/build/i686-ollios/newlib/targ-include -isystem /home/nxf58324/Source/ollios/newlib/source/newlib/libc/include -B/home/nxf58324/Source/ollios/newlib/build/i686-ollios/libgloss/i386 -L/home/nxf58324/Source/ollios/newlib/build/i686-ollios/libgloss/libnosys -L/home/nxf58324/Source/ollios/newlib/source/libgloss/i386    -c -g  conftest.c >&5
configure:3583: $? = 0
configure: failed program was:
| /* confdefs.h */
| #define PACKAGE_NAME "newlib"
| #define PACKAGE_TARNAME "newlib"
| #define PACKAGE_VERSION "3.3.0"
| #define PACKAGE_STRING "newlib 3.3.0"
| #define PACKAGE_BUGREPORT ""
| #define PACKAGE_URL ""
| /* end confdefs.h.  */
| 
| int
| main ()
| {
| 
|   ;
|   return 0;
| }
configure:3593: result: no
configure:3626: checking for i686-ollios-as
configure:3653: result: i686-ollios-as
configure:3718: checking for i686-ollios-ar
configure:3745: result: i686-ollios-ar
configure:3810: checking for i686-ollios-ranlib
configure:3837: result: i686-ollios-ranlib
configure:3902: checking for i686-ollios-readelf
configure:3929: result: i686-ollios-readelf
configure:3998: checking whether to enable maintainer-specific portions of Makefiles
configure:4007: result: no
configure:4121: checking for a sed that does not truncate output
configure:4185: result: /usr/bin/sed
configure:4207: checking how to print strings
configure:4234: result: printf
configure:4259: checking for gawk
configure:4286: result: gawk
configure:12630: checking for .preinit_array/.init_array/.fini_array support
configure:12643: i686-ollios-cc -B/home/nxf58324/Source/ollios/newlib/build/i686-ollios/newlib/ -isystem /home/nxf58324/Source/ollios/newlib/build/i686-ollios/newlib/targ-include -isystem /home/nxf58324/Source/ollios/newlib/source/newlib/libc/include -B/home/nxf58324/Source/ollios/newlib/build/i686-ollios/libgloss/i386 -L/home/nxf58324/Source/ollios/newlib/build/i686-ollios/libgloss/libnosys -L/home/nxf58324/Source/ollios/newlib/source/libgloss/i386    -g -O2  -c -o conftest conftest.c
							1>&5
configure:12646: $? = 0
configure:12659: result: no
configure:12670: checking if i686-ollios-cc -B/home/nxf58324/Source/ollios/newlib/build/i686-ollios/newlib/ -isystem /home/nxf58324/Source/ollios/newlib/build/i686-ollios/newlib/targ-include -isystem /home/nxf58324/Source/ollios/newlib/source/newlib/libc/include -B/home/nxf58324/Source/ollios/newlib/build/i686-ollios/libgloss/i386 -L/home/nxf58324/Source/ollios/newlib/build/i686-ollios/libgloss/libnosys -L/home/nxf58324/Source/ollios/newlib/source/libgloss/i386    accepts -fno-tree-loop-distribute-patterns with __attribute__ ((__optimize__))
configure:12684: i686-ollios-cc -B/home/nxf58324/Source/ollios/newlib/build/i686-ollios/newlib/ -isystem /home/nxf58324/Source/ollios/newlib/build/i686-ollios/newlib/targ-include -isystem /home/nxf58324/Source/ollios/newlib/source/newlib/libc/include -B/home/nxf58324/Source/ollios/newlib/build/i686-ollios/libgloss/i386 -L/home/nxf58324/Source/ollios/newlib/build/i686-ollios/libgloss/libnosys -L/home/nxf58324/Source/ollios/newlib/source/libgloss/i386    -g -O2  -c
			    -fno-tree-loop-distribute-patterns conftest.c
configure:12687: $? = 0
configure:12694: result: yes
configure:12702: checking whether long double type exists
configure:12722: i686-ollios-cc -B/home/nxf58324/Source/ollios/newlib/build/i686-ollios/newlib/ -isystem /home/nxf58324/Source/ollios/newlib/build/i686-ollios/newlib/targ-include -isystem /home/nxf58324/Source/ollios/newlib/source/newlib/libc/include -B/home/nxf58324/Source/ollios/newlib/build/i686-ollios/libgloss/i386 -L/home/nxf58324/Source/ollios/newlib/build/i686-ollios/libgloss/libnosys -L/home/nxf58324/Source/ollios/newlib/source/libgloss/i386    -g -O2  -c -o conftest.o conftest.c
							1>&5
configure:12725: $? = 0
configure:12734: result: yes
configure:12751: checking whether long double equals double
configure:12767: i686-ollios-cc -B/home/nxf58324/Source/ollios/newlib/build/i686-ollios/newlib/ -isystem /home/nxf58324/Source/ollios/newlib/build/i686-ollios/newlib/targ-include -isystem /home/nxf58324/Source/ollios/newlib/source/newlib/libc/include -B/home/nxf58324/Source/ollios/newlib/build/i686-ollios/libgloss/i386 -L/home/nxf58324/Source/ollios/newlib/build/i686-ollios/libgloss/libnosys -L/home/nxf58324/Source/ollios/newlib/source/libgloss/i386    -g -O2  -c -o conftest.o conftest.c
							1>&5
conftest.c:5:4: error: #error "LDBL != DBL"
    5 |   #error "LDBL != DBL"
      |    ^~~~~
configure:12770: $? = 1
configure:12779: result: no
configure:12849: updating cache ./config.cache
configure:12970: creating ./config.status

## ---------------------- ##
## Running config.status. ##
## ---------------------- ##

This file was extended by newlib config.status 3.3.0, which was
generated by GNU Autoconf 2.68.  Invocation command line was

  CONFIG_FILES    = 
  CONFIG_HEADERS  = 
  CONFIG_LINKS    = 
  CONFIG_COMMANDS = 
  $ ./config.status 

on nxf58324-pc

config.status:1145: creating Makefile
config.status:1145: creating _newlib_version.h
config.status:1145: creating newlib.h
config.status:1359: executing depfiles commands
configure:15290: === configuring in libc (/home/nxf58324/Source/ollios/newlib/build/i686-ollios/newlib/libc)
configure:15353: running /bin/sh ../../../../source/newlib/libc/configure --disable-option-checking '--prefix=/home/nxf58324/Source/ollios/newlib/build/out'  '--with-newlib' '--enable-multilib' '--with-cross-host=x86_64-pc-linux-gnu' '--program-transform-name=s&^&i686-ollios-&' '--with-target-subdir=i686-ollios' '--build=x86_64-pc-linux-gnu' '--host=i686-ollios' '--target=i686-ollios' 'build_alias=x86_64-pc-linux-gnu' 'host_alias=i686-ollios' 'target_alias=i686-ollios' 'CC=i686-ollios-cc -B/home/nxf58324/Source/ollios/newlib/build/i686-ollios/newlib/ -isystem /home/nxf58324/Source/ollios/newlib/build/i686-ollios/newlib/targ-include -isystem /home/nxf58324/Source/ollios/newlib/source/newlib/libc/include -B/home/nxf58324/Source/ollios/newlib/build/i686-ollios/libgloss/i386 -L/home/nxf58324/Source/ollios/newlib/build/i686-ollios/libgloss/libnosys -L/home/nxf58324/Source/ollios/newlib/source/libgloss/i386   ' 'CFLAGS=-g -O2' 'LDFLAGS=' 'CPPFLAGS=' --cache-file=.././config.cache --srcdir=../../../../source/newlib/libc
configure:15290: === configuring in libm (/home/nxf58324/Source/ollios/newlib/build/i686-ollios/newlib/libm)
configure:15353: running /bin/sh ../../../../source/newlib/libm/configure --disable-option-checking '--prefix=/home/nxf58324/Source/ollios/newlib/build/out'  '--with-newlib' '--enable-multilib' '--with-cross-host=x86_64-pc-linux-gnu' '--program-transform-name=s&^&i686-ollios-&' '--with-target-subdir=i686-ollios' '--build=x86_64-pc-linux-gnu' '--host=i686-ollios' '--target=i686-ollios' 'build_alias=x86_64-pc-linux-gnu' 'host_alias=i686-ollios' 'target_alias=i686-ollios' 'CC=i686-ollios-cc -B/home/nxf58324/Source/ollios/newlib/build/i686-ollios/newlib/ -isystem /home/nxf58324/Source/ollios/newlib/build/i686-ollios/newlib/targ-include -isystem /home/nxf58324/Source/ollios/newlib/source/newlib/libc/include -B/home/nxf58324/Source/ollios/newlib/build/i686-ollios/libgloss/i386 -L/home/nxf58324/Source/ollios/newlib/build/i686-ollios/libgloss/libnosys -L/home/nxf58324/Source/ollios/newlib/source/libgloss/i386   ' 'CFLAGS=-g -O2' 'LDFLAGS=' 'CPPFLAGS=' --cache-file=.././config.cache --srcdir=../../../../source/newlib/libm
configure:15290: === configuring in doc (/home/nxf58324/Source/ollios/newlib/build/i686-ollios/newlib/doc)
configure:15353: running /bin/sh ../../../../source/newlib/doc/configure --disable-option-checking '--prefix=/home/nxf58324/Source/ollios/newlib/build/out'  '--with-newlib' '--enable-multilib' '--with-cross-host=x86_64-pc-linux-gnu' '--program-transform-name=s&^&i686-ollios-&' '--with-target-subdir=i686-ollios' '--build=x86_64-pc-linux-gnu' '--host=i686-ollios' '--target=i686-ollios' 'build_alias=x86_64-pc-linux-gnu' 'host_alias=i686-ollios' 'target_alias=i686-ollios' 'CC=i686-ollios-cc -B/home/nxf58324/Source/ollios/newlib/build/i686-ollios/newlib/ -isystem /home/nxf58324/Source/ollios/newlib/build/i686-ollios/newlib/targ-include -isystem /home/nxf58324/Source/ollios/newlib/source/newlib/libc/include -B/home/nxf58324/Source/ollios/newlib/build/i686-ollios/libgloss/i386 -L/home/nxf58324/Source/ollios/newlib/build/i686-ollios/libgloss/libnosys -L/home/nxf58324/Source/ollios/newlib/source/libgloss/i386   ' 'CFLAGS=-g -O2' 'LDFLAGS=' 'CPPFLAGS=' --cache-file=.././config.cache --srcdir=../../../../source/newlib/doc

## ---------------- ##
## Cache variables. ##
## ---------------- ##

ac_cv_build=x86_64-pc-linux-gnu
ac_cv_c_compiler_gnu=yes
ac_cv_env_CCASFLAGS_set=
ac_cv_env_CCASFLAGS_value=
ac_cv_env_CCAS_set=
ac_cv_env_CCAS_value=
ac_cv_env_CC_set=set
ac_cv_env_CC_value='i686-ollios-cc -B/home/nxf58324/Source/ollios/newlib/build/i686-ollios/newlib/ -isystem /home/nxf58324/Source/ollios/newlib/build/i686-ollios/newlib/targ-include -isystem /home/nxf58324/Source/ollios/newlib/source/newlib/libc/include -B/home/nxf58324/Source/ollios/newlib/build/i686-ollios/libgloss/i386 -L/home/nxf58324/Source/ollios/newlib/build/i686-ollios/libgloss/libnosys -L/home/nxf58324/Source/ollios/newlib/source/libgloss/i386   '
ac_cv_env_CFLAGS_set=set
ac_cv_env_CFLAGS_value='-g -O2'
ac_cv_env_CPPFLAGS_set=set
ac_cv_env_CPPFLAGS_value=
ac_cv_env_CPP_set=
ac_cv_env_CPP_value=
ac_cv_env_LDFLAGS_set=set
ac_cv_env_LDFLAGS_value=
ac_cv_env_LIBS_set=
ac_cv_env_LIBS_value=
ac_cv_env_build_alias_set=set
ac_cv_env_build_alias_value=x86_64-pc-linux-gnu
ac_cv_env_host_alias_set=set
ac_cv_env_host_alias_value=i686-ollios
ac_cv_env_target_alias_set=set
ac_cv_env_target_alias_value=i686-ollios
ac_cv_host=i686-pc-ollios
ac_cv_path_SED=/usr/bin/sed
ac_cv_path_mkdir=/usr/bin/mkdir
ac_cv_prog_AR=i686-ollios-ar
ac_cv_prog_AS=i686-ollios-as
ac_cv_prog_AWK=gawk
ac_cv_prog_CC='i686-ollios-cc -B/home/nxf58324/Source/ollios/newlib/build/i686-ollios/newlib/ -isystem /home/nxf58324/Source/ollios/newlib/build/i686-ollios/newlib/targ-include -isystem /home/nxf58324/Source/ollios/newlib/source/newlib/libc/include -B/home/nxf58324/Source/ollios/newlib/build/i686-ollios/libgloss/i386 -L/home/nxf58324/Source/ollios/newlib/build/i686-ollios/libgloss/libnosys -L/home/nxf58324/Source/ollios/newlib/source/libgloss/i386   '
ac_cv_prog_RANLIB=i686-ollios-ranlib
ac_cv_prog_READELF=i686-ollios-readelf
ac_cv_prog_STRIP=i686-ollios-strip
ac_cv_prog_cc_g=no
ac_cv_prog_make_make_set=yes
acnewlib_cv_type_long_double=yes
am_cv_CC_dependencies_compiler_type=gcc3
libc_cv_cc_loop_to_function=yes
libc_cv_initfinit_array=no
newlib_cv_ldbl_eq_dbl=no

## ----------------- ##
## Output variables. ##
## ----------------- ##

ACLOCAL='${SHELL} /home/nxf58324/Source/ollios/newlib/source/missing --run aclocal-1.11'
AMDEPBACKSLASH='\'
AMDEP_FALSE='#'
AMDEP_TRUE=''
AMTAR='$${TAR-tar}'
AR='i686-ollios-ar'
AS='i686-ollios-as'
AUTOCONF='${SHELL} /home/nxf58324/Source/ollios/newlib/source/missing --run autoconf'
AUTOHEADER='${SHELL} /home/nxf58324/Source/ollios/newlib/source/missing --run autoheader'
AUTOMAKE='${SHELL} /home/nxf58324/Source/ollios/newlib/source/missing --run automake-1.11'
AWK='gawk'
CC='i686-ollios-cc -B/home/nxf58324/Source/ollios/newlib/build/i686-ollios/newlib/ -isystem /home/nxf58324/Source/ollios/newlib/build/i686-ollios/newlib/targ-include -isystem /home/nxf58324/Source/ollios/newlib/source/newlib/libc/include -B/home/nxf58324/Source/ollios/newlib/build/i686-ollios/libgloss/i386 -L/home/nxf58324/Source/ollios/newlib/build/i686-ollios/libgloss/libnosys -L/home/nxf58324/Source/ollios/newlib/source/libgloss/i386   '
CCAS='i686-ollios-cc -B/home/nxf58324/Source/ollios/newlib/build/i686-ollios/newlib/ -isystem /home/nxf58324/Source/ollios/newlib/build/i686-ollios/newlib/targ-include -isystem /home/nxf58324/Source/ollios/newlib/source/newlib/libc/include -B/home/nxf58324/Source/ollios/newlib/build/i686-ollios/libgloss/i386 -L/home/nxf58324/Source/ollios/newlib/build/i686-ollios/libgloss/libnosys -L/home/nxf58324/Source/ollios/newlib/source/libgloss/i386   '
CCASFLAGS='-g -O2'
CCDEPMODE='depmode=gcc3'
CC_FOR_BUILD='gcc'
CC_FOR_NEWLIB='i686-ollios-cc -B/home/nxf58324/Source/ollios/newlib/build/i686-ollios/newlib/ -isystem /home/nxf58324/Source/ollios/newlib/build/i686-ollios/newlib/targ-include -isystem /home/nxf58324/Source/ollios/newlib/source/newlib/libc/include -B/home/nxf58324/Source/ollios/newlib/build/i686-ollios/libgloss/i386 -L/home/nxf58324/Source/ollios/newlib/build/i686-ollios/libgloss/libnosys -L/home/nxf58324/Source/ollios/newlib/source/libgloss/i386   '
CFLAGS='-g -O2'
CPP=''
CPPFLAGS=''
CRT0='crt0.o'
CRT0_DIR='libc/'
CRT1=''
CRT1_DIR=''
CYGPATH_W='echo'
DEFS='-DHAVE_CONFIG_H'
DEPDIR='.deps'
DLLTOOL='i686-ollios-dlltool'
DSYMUTIL=''
DUMPBIN=''
ECHO_C=''
ECHO_N='-n'
ECHO_T=''
EGREP=''
ELIX_LEVEL_0_FALSE='#'
ELIX_LEVEL_0_TRUE=''
ELIX_LEVEL_1_FALSE=''
ELIX_LEVEL_1_TRUE='#'
ELIX_LEVEL_2_FALSE=''
ELIX_LEVEL_2_TRUE='#'
ELIX_LEVEL_3_FALSE=''
ELIX_LEVEL_3_TRUE='#'
ELIX_LEVEL_4_FALSE=''
ELIX_LEVEL_4_TRUE='#'
EXEEXT=''
EXTRA_DIRS=''
FGREP=''
GREP=''
HAVE_CRT0_FALSE='#'
HAVE_CRT0_TRUE=''
HAVE_DOC_FALSE='#'
HAVE_DOC_TRUE=''
HAVE_LONG_DOUBLE_FALSE='#'
HAVE_LONG_DOUBLE_TRUE=''
HAVE_MULTISUBDIR_FALSE=''
HAVE_MULTISUBDIR_TRUE='#'
INSTALL_DATA='/usr/bin/install -c -m 644'
INSTALL_PROGRAM='/usr/bin/install -c'
INSTALL_SCRIPT='/usr/bin/install -c'
INSTALL_STRIP_PROGRAM='$(install_sh) -c -s'
LD='i686-ollios-ld'
LDFLAGS=''
LIBM_MACHINE_OBJECTLIST='libm/machine/i386/objectlist.awk.in'
LIBOBJS=''
LIBS=''
LIBTOOL=''
LIPO='i686-ollios-lipo'
LN_S=''
LTLIBOBJS=''
MACHINE_OBJECTLIST='libc/machine/i386/objectlist.awk.in'
MAINT='#'
MAINTAINER_MODE_FALSE=''
MAINTAINER_MODE_TRUE='#'
MAKEINFO='makeinfo --split-size=5000000'
MAY_SUPPLY_SYSCALLS_FALSE='#'
MAY_SUPPLY_SYSCALLS_TRUE=''
MKDIR_P='/usr/bin/mkdir -p'
NEWLIB_CFLAGS=' -fno-builtin -DMISSING_SYSCALL_NAMES -DHAVE_INIT_FINI'
NEWLIB_HW_FP_FALSE=''
NEWLIB_HW_FP_TRUE='#'
NM='i686-ollios-nm'
NMEDIT=''
NO_INCLUDE_LIST=' rpc/types.h rpc/xdr.h'
OBJDUMP='i686-ollios-objdump'
OBJEXT='o'
OTOOL64=''
OTOOL=''
PACKAGE='newlib'
PACKAGE_BUGREPORT=''
PACKAGE_NAME='newlib'
PACKAGE_STRING='newlib 3.3.0'
PACKAGE_TARNAME='newlib'
PACKAGE_URL=''
PACKAGE_VERSION='3.3.0'
PATH_SEPARATOR=':'
POSIX_OBJECTLIST=''
RANLIB='i686-ollios-ranlib'
READELF='i686-ollios-readelf'
SED='/usr/bin/sed'
SET_MAKE=''
SHELL='/bin/sh'
SIGNAL_OBJECTLIST='libc/signal/objectlist.awk.in'
STDIO64_OBJECTLIST=''
STRIP='i686-ollios-strip'
SYSCALL_OBJECTLIST=''
SYS_MACH_OBJECTLIST=''
SYS_OBJECTLIST='libc/sys/ollios/objectlist.awk.in'
UNIX_OBJECTLIST=''
USE_LIBTOOL_FALSE=''
USE_LIBTOOL_TRUE='#'
VERSION='3.3.0'
ac_ct_CC=''
ac_ct_DUMPBIN=''
aext='a'
am__EXEEXT_FALSE=''
am__EXEEXT_TRUE='#'
am__fastdepCC_FALSE='#'
am__fastdepCC_TRUE=''
am__include='include'
am__isrc=' -I$(srcdir)'
am__leading_dot='.'
am__nodep='_no'
am__quote=''
am__tar='$${TAR-tar} chof - "$$tardir"'
am__untar='$${TAR-tar} xf -'
bindir='${exec_prefix}/bin'
build='x86_64-pc-linux-gnu'
build_alias='x86_64-pc-linux-gnu'
build_cpu='x86_64'
build_os='linux-gnu'
build_vendor='pc'
datadir='${datarootdir}'
datarootdir='${prefix}/share'
docdir='${datarootdir}/doc/${PACKAGE_TARNAME}'
dvidir='${docdir}'
exec_prefix='${prefix}'
host='i686-pc-ollios'
host_alias='i686-ollios'
host_cpu='i686'
host_os='ollios'
host_vendor='pc'
htmldir='${docdir}'
includedir='${prefix}/include'
infodir='${datarootdir}/info'
install_sh='${SHELL} /home/nxf58324/Source/ollios/newlib/source/install-sh'
libc_cv_cc_loop_to_function='yes'
libc_cv_initfinit_array='no'
libdir='${exec_prefix}/lib'
libexecdir='${exec_prefix}/libexec'
libm_machine_dir='i386'
localedir='${datarootdir}/locale'
localstatedir='${prefix}/var'
lpfx='lib_a-'
machine_dir='i386'
mandir='${datarootdir}/man'
mkdir_p='/usr/bin/mkdir -p'
newlib_basedir='../../../source/newlib/.'
oext='o'
oldincludedir='/usr/include'
pdfdir='${docdir}'
prefix='/home/nxf58324/Source/ollios/newlib/build/out'
program_transform_name='s&^&i686-ollios-&'
psdir='${docdir}'
sbindir='${exec_prefix}/sbin'
sharedstatedir='${prefix}/com'
subdirs=' libc libm doc'
sys_dir='ollios'
sysconfdir='${prefix}/etc'
target_alias='i686-ollios'

## ----------- ##
## confdefs.h. ##
## ----------- ##

/* confdefs.h */
#define PACKAGE_NAME "newlib"
#define PACKAGE_TARNAME "newlib"
#define PACKAGE_VERSION "3.3.0"
#define PACKAGE_STRING "newlib 3.3.0"
#define PACKAGE_BUGREPORT ""
#define PACKAGE_URL ""
#define _REENT_CHECK_VERIFY 1
#define _MB_LEN_MAX 1
#define _NEWLIB_VERSION "3.3.0"
#define __NEWLIB__ 3
#define __NEWLIB_MINOR__ 3
#define __NEWLIB_PATCHLEVEL__ 0
#define _ATEXIT_DYNAMIC_ALLOC 1
#define _FVWRITE_IN_STREAMIO 1
#define _FSEEK_OPTIMIZATION 1
#define _WIDE_ORIENT 1
#define _UNBUF_STREAM_OPT 1
#define _HAVE_CC_INHIBIT_LOOP_TO_LIBCALL 1
#define _HAVE_LONG_DOUBLE 1

configure: exit 0
